[2025-04-16 02:22:58,408][trainers.trainer][INFO] - {'batch_size': 128,
 'bert_model': 'bert_tiny',
 'device_ids': [0],
 'disable_validation': False,
 'distributed_world_size': 1,
 'dropout': 0.3,
 'embed_model': 'descemb_rnn',
 'enc_embed_dim': 128,
 'enc_hidden_dim': 256,
 'eval_data': None,
 'fold': None,
 'init_bert_params': False,
 'init_bert_params_with_freeze': False,
 'input_path': '/content/drive/MyDrive/DL4H/data_output_path',
 'load_pretrained_weights': False,
 'lr': 0.0001,
 'max_event_len': 150,
 'mlm_prob': 0.3,
 'model': 'ehr_model',
 'model_path': None,
 'n_epochs': 20,
 'patience': 5,
 'pred_embed_dim': 128,
 'pred_hidden_dim': 256,
 'pred_model': 'rnn',
 'ratio': '100',
 'rnn_layer': 1,
 'save_dir': 'checkpoints',
 'save_prefix': 'checkpoint',
 'seed': 1,
 'src_data': 'mimiciii',
 'task': 'diagnosis',
 'transfer': False,
 'valid_subsets': ['valid', 'test'],
 'value_mode': 'VA'}
[2025-04-16 02:22:58,476][trainers.trainer][INFO] - EHRModel(
  (embed_model): RNNTextEncoder(
    (subword_embed_layer): SubwordInputLayer(
      (embedding): Embedding(28996, 128, padding_idx=0)
    )
    (model): GRU(128, 256, batch_first=True, dropout=0.3, bidirectional=True)
    (post_encode_proj): Linear(in_features=512, out_features=128, bias=True)
  )
  (pred_model): RNNModel(
    (model): GRU(128, 256, batch_first=True, dropout=0.3)
    (final_proj): Linear(in_features=256, out_features=18, bias=True)
  )
)
[2025-04-16 02:22:58,476][trainers.trainer][INFO] - task: diagnosis
[2025-04-16 02:22:58,476][trainers.trainer][INFO] - model: EHRModel
[2025-04-16 02:22:58,477][trainers.trainer][INFO] - num. model params: 4,671,122 (num. trained: 4,671,122)
[2025-04-16 02:23:13,556][datasets.dataset][INFO] - loaded 11863 train samples
[2025-04-16 02:23:29,590][datasets.dataset][INFO] - loaded 2980 valid samples
[2025-04-16 02:23:44,952][datasets.dataset][INFO] - loaded 3693 test samples
[2025-04-16 02:23:46,702][trainers.trainer][INFO] - begin training epoch 1
[2025-04-16 02:24:46,948][train][INFO] - epoch: 1, loss: 0.688, auroc: 0.444, auprc: 0.385
[2025-04-16 02:24:46,949][trainers.trainer][INFO] - begin validation on 'valid' subset
[2025-04-16 02:24:49,224][valid][INFO] - epoch: 1, loss: 0.684, auroc: 0.450, auprc: 0.392
[2025-04-16 02:24:49,224][trainers.trainer][INFO] - begin validation on 'test' subset
[2025-04-16 02:24:52,090][test][INFO] - epoch: 1, loss: 1.250, auroc: 0.450, auprc: 0.393
[2025-04-16 02:24:52,093][trainers.trainer][INFO] - Saving checkpoint to checkpoints/checkpoint_best.pt
[2025-04-16 02:24:52,246][trainers.trainer][INFO] - Finished saving checkpoint to checkpoints/checkpoint_best.pt
[2025-04-16 02:24:52,246][trainers.trainer][INFO] - begin training epoch 2
[2025-04-16 02:25:51,526][train][INFO] - epoch: 2, loss: 0.683, auroc: 0.472, auprc: 0.399
[2025-04-16 02:25:51,527][trainers.trainer][INFO] - begin validation on 'valid' subset
[2025-04-16 02:25:53,775][valid][INFO] - epoch: 2, loss: 0.682, auroc: 0.516, auprc: 0.422
[2025-04-16 02:25:53,775][trainers.trainer][INFO] - begin validation on 'test' subset
[2025-04-16 02:25:56,541][test][INFO] - epoch: 2, loss: 1.247, auroc: 0.515, auprc: 0.424
[2025-04-16 02:25:56,543][trainers.trainer][INFO] - Saving checkpoint to checkpoints/checkpoint_best.pt
[2025-04-16 02:25:56,718][trainers.trainer][INFO] - Finished saving checkpoint to checkpoints/checkpoint_best.pt
[2025-04-16 02:25:56,719][trainers.trainer][INFO] - begin training epoch 3
[2025-04-16 02:26:56,326][train][INFO] - epoch: 3, loss: 0.681, auroc: 0.534, auprc: 0.431
[2025-04-16 02:26:56,327][trainers.trainer][INFO] - begin validation on 'valid' subset
[2025-04-16 02:26:58,604][valid][INFO] - epoch: 3, loss: 0.681, auroc: 0.546, auprc: 0.444
[2025-04-16 02:26:58,605][trainers.trainer][INFO] - begin validation on 'test' subset
[2025-04-16 02:27:01,710][test][INFO] - epoch: 3, loss: 1.244, auroc: 0.546, auprc: 0.446
[2025-04-16 02:27:01,712][trainers.trainer][INFO] - Saving checkpoint to checkpoints/checkpoint_best.pt
[2025-04-16 02:27:01,884][trainers.trainer][INFO] - Finished saving checkpoint to checkpoints/checkpoint_best.pt
[2025-04-16 02:27:01,885][trainers.trainer][INFO] - begin training epoch 4
[2025-04-16 02:28:01,212][train][INFO] - epoch: 4, loss: 0.680, auroc: 0.551, auprc: 0.441
[2025-04-16 02:28:01,213][trainers.trainer][INFO] - begin validation on 'valid' subset
[2025-04-16 02:28:03,557][valid][INFO] - epoch: 4, loss: 0.679, auroc: 0.554, auprc: 0.449
[2025-04-16 02:28:03,558][trainers.trainer][INFO] - begin validation on 'test' subset
[2025-04-16 02:28:06,369][test][INFO] - epoch: 4, loss: 1.241, auroc: 0.554, auprc: 0.450
[2025-04-16 02:28:06,372][trainers.trainer][INFO] - Saving checkpoint to checkpoints/checkpoint_best.pt
[2025-04-16 02:28:06,553][trainers.trainer][INFO] - Finished saving checkpoint to checkpoints/checkpoint_best.pt
[2025-04-16 02:28:06,553][trainers.trainer][INFO] - begin training epoch 5
[2025-04-16 02:29:05,587][train][INFO] - epoch: 5, loss: 0.678, auroc: 0.583, auprc: 0.468
[2025-04-16 02:29:05,588][trainers.trainer][INFO] - begin validation on 'valid' subset
[2025-04-16 02:29:07,956][valid][INFO] - epoch: 5, loss: 0.677, auroc: 0.600, auprc: 0.490
[2025-04-16 02:29:07,957][trainers.trainer][INFO] - begin validation on 'test' subset
[2025-04-16 02:29:10,807][test][INFO] - epoch: 5, loss: 1.238, auroc: 0.600, auprc: 0.491
[2025-04-16 02:29:10,809][trainers.trainer][INFO] - Saving checkpoint to checkpoints/checkpoint_best.pt
[2025-04-16 02:29:10,977][trainers.trainer][INFO] - Finished saving checkpoint to checkpoints/checkpoint_best.pt
[2025-04-16 02:29:10,977][trainers.trainer][INFO] - begin training epoch 6
[2025-04-16 02:30:10,198][train][INFO] - epoch: 6, loss: 0.676, auroc: 0.638, auprc: 0.543
[2025-04-16 02:30:10,198][trainers.trainer][INFO] - begin validation on 'valid' subset
[2025-04-16 02:30:12,577][valid][INFO] - epoch: 6, loss: 0.676, auroc: 0.648, auprc: 0.548
[2025-04-16 02:30:12,578][trainers.trainer][INFO] - begin validation on 'test' subset
[2025-04-16 02:30:15,588][test][INFO] - epoch: 6, loss: 1.235, auroc: 0.648, auprc: 0.550
[2025-04-16 02:30:15,590][trainers.trainer][INFO] - Saving checkpoint to checkpoints/checkpoint_best.pt
[2025-04-16 02:30:15,774][trainers.trainer][INFO] - Finished saving checkpoint to checkpoints/checkpoint_best.pt
[2025-04-16 02:30:15,774][trainers.trainer][INFO] - begin training epoch 7
[2025-04-16 02:31:15,145][train][INFO] - epoch: 7, loss: 0.675, auroc: 0.653, auprc: 0.558
[2025-04-16 02:31:15,146][trainers.trainer][INFO] - begin validation on 'valid' subset
[2025-04-16 02:31:17,424][valid][INFO] - epoch: 7, loss: 0.674, auroc: 0.652, auprc: 0.555
[2025-04-16 02:31:17,424][trainers.trainer][INFO] - begin validation on 'test' subset
[2025-04-16 02:31:20,384][test][INFO] - epoch: 7, loss: 1.232, auroc: 0.652, auprc: 0.557
[2025-04-16 02:31:20,388][trainers.trainer][INFO] - Saving checkpoint to checkpoints/checkpoint_best.pt
[2025-04-16 02:31:20,630][trainers.trainer][INFO] - Finished saving checkpoint to checkpoints/checkpoint_best.pt
[2025-04-16 02:31:20,630][trainers.trainer][INFO] - begin training epoch 8
[2025-04-16 02:32:20,077][train][INFO] - epoch: 8, loss: 0.673, auroc: 0.656, auprc: 0.562
[2025-04-16 02:32:20,078][trainers.trainer][INFO] - begin validation on 'valid' subset
[2025-04-16 02:32:22,332][valid][INFO] - epoch: 8, loss: 0.672, auroc: 0.657, auprc: 0.557
[2025-04-16 02:32:22,332][trainers.trainer][INFO] - begin validation on 'test' subset
[2025-04-16 02:32:25,152][test][INFO] - epoch: 8, loss: 1.229, auroc: 0.657, auprc: 0.559
[2025-04-16 02:32:25,155][trainers.trainer][INFO] - Saving checkpoint to checkpoints/checkpoint_best.pt
[2025-04-16 02:32:25,336][trainers.trainer][INFO] - Finished saving checkpoint to checkpoints/checkpoint_best.pt
[2025-04-16 02:32:25,337][trainers.trainer][INFO] - begin training epoch 9
[2025-04-16 02:33:24,648][train][INFO] - epoch: 9, loss: 0.672, auroc: 0.659, auprc: 0.565
[2025-04-16 02:33:24,648][trainers.trainer][INFO] - begin validation on 'valid' subset
[2025-04-16 02:33:26,887][valid][INFO] - epoch: 9, loss: 0.671, auroc: 0.660, auprc: 0.562
[2025-04-16 02:33:26,888][trainers.trainer][INFO] - begin validation on 'test' subset
[2025-04-16 02:33:29,701][test][INFO] - epoch: 9, loss: 1.226, auroc: 0.660, auprc: 0.564
[2025-04-16 02:33:29,703][trainers.trainer][INFO] - Saving checkpoint to checkpoints/checkpoint_best.pt
[2025-04-16 02:33:29,868][trainers.trainer][INFO] - Finished saving checkpoint to checkpoints/checkpoint_best.pt
[2025-04-16 02:33:29,868][trainers.trainer][INFO] - begin training epoch 10
[2025-04-16 02:34:29,123][train][INFO] - epoch: 10, loss: 0.670, auroc: 0.661, auprc: 0.568
[2025-04-16 02:34:29,124][trainers.trainer][INFO] - begin validation on 'valid' subset
[2025-04-16 02:34:31,377][valid][INFO] - epoch: 10, loss: 0.669, auroc: 0.660, auprc: 0.562
[2025-04-16 02:34:31,378][trainers.trainer][INFO] - begin validation on 'test' subset
[2025-04-16 02:34:34,239][test][INFO] - epoch: 10, loss: 1.223, auroc: 0.660, auprc: 0.564
[2025-04-16 02:34:34,242][trainers.trainer][INFO] - Saving checkpoint to checkpoints/checkpoint_best.pt
[2025-04-16 02:34:34,408][trainers.trainer][INFO] - Finished saving checkpoint to checkpoints/checkpoint_best.pt
[2025-04-16 02:34:34,409][trainers.trainer][INFO] - begin training epoch 11
[2025-04-16 02:35:34,026][train][INFO] - epoch: 11, loss: 0.668, auroc: 0.664, auprc: 0.571
[2025-04-16 02:35:34,028][trainers.trainer][INFO] - begin validation on 'valid' subset
[2025-04-16 02:35:36,358][valid][INFO] - epoch: 11, loss: 0.668, auroc: 0.667, auprc: 0.571
[2025-04-16 02:35:36,359][trainers.trainer][INFO] - begin validation on 'test' subset
[2025-04-16 02:35:39,171][test][INFO] - epoch: 11, loss: 1.220, auroc: 0.666, auprc: 0.572
[2025-04-16 02:35:39,174][trainers.trainer][INFO] - Saving checkpoint to checkpoints/checkpoint_best.pt
[2025-04-16 02:35:39,353][trainers.trainer][INFO] - Finished saving checkpoint to checkpoints/checkpoint_best.pt
[2025-04-16 02:35:39,353][trainers.trainer][INFO] - begin training epoch 12
[2025-04-16 02:36:38,892][train][INFO] - epoch: 12, loss: 0.667, auroc: 0.667, auprc: 0.574
[2025-04-16 02:36:38,892][trainers.trainer][INFO] - begin validation on 'valid' subset
[2025-04-16 02:36:41,341][valid][INFO] - epoch: 12, loss: 0.666, auroc: 0.667, auprc: 0.571
[2025-04-16 02:36:41,342][trainers.trainer][INFO] - begin validation on 'test' subset
[2025-04-16 02:36:44,180][test][INFO] - epoch: 12, loss: 1.218, auroc: 0.666, auprc: 0.572
[2025-04-16 02:36:44,186][trainers.trainer][INFO] - Saving checkpoint to checkpoints/checkpoint_best.pt
[2025-04-16 02:36:44,364][trainers.trainer][INFO] - Finished saving checkpoint to checkpoints/checkpoint_best.pt
[2025-04-16 02:36:44,364][trainers.trainer][INFO] - begin training epoch 13
[2025-04-16 02:37:43,834][train][INFO] - epoch: 13, loss: 0.665, auroc: 0.669, auprc: 0.576
[2025-04-16 02:37:43,835][trainers.trainer][INFO] - begin validation on 'valid' subset
[2025-04-16 02:37:46,170][valid][INFO] - epoch: 13, loss: 0.665, auroc: 0.670, auprc: 0.572
[2025-04-16 02:37:46,170][trainers.trainer][INFO] - begin validation on 'test' subset
[2025-04-16 02:37:49,217][test][INFO] - epoch: 13, loss: 1.215, auroc: 0.670, auprc: 0.573
[2025-04-16 02:37:49,220][trainers.trainer][INFO] - Saving checkpoint to checkpoints/checkpoint_best.pt
[2025-04-16 02:37:49,401][trainers.trainer][INFO] - Finished saving checkpoint to checkpoints/checkpoint_best.pt
[2025-04-16 02:37:49,401][trainers.trainer][INFO] - begin training epoch 14
[2025-04-16 02:38:48,716][train][INFO] - epoch: 14, loss: 0.664, auroc: 0.673, auprc: 0.579
[2025-04-16 02:38:48,717][trainers.trainer][INFO] - begin validation on 'valid' subset
[2025-04-16 02:38:50,958][valid][INFO] - epoch: 14, loss: 0.663, auroc: 0.677, auprc: 0.579
[2025-04-16 02:38:50,958][trainers.trainer][INFO] - begin validation on 'test' subset
[2025-04-16 02:38:53,970][test][INFO] - epoch: 14, loss: 1.212, auroc: 0.677, auprc: 0.581
[2025-04-16 02:38:53,975][trainers.trainer][INFO] - Saving checkpoint to checkpoints/checkpoint_best.pt
[2025-04-16 02:38:54,231][trainers.trainer][INFO] - Finished saving checkpoint to checkpoints/checkpoint_best.pt
[2025-04-16 02:38:54,232][trainers.trainer][INFO] - begin training epoch 15
[2025-04-16 02:39:53,411][train][INFO] - epoch: 15, loss: 0.662, auroc: 0.678, auprc: 0.582
[2025-04-16 02:39:53,412][trainers.trainer][INFO] - begin validation on 'valid' subset
[2025-04-16 02:39:55,633][valid][INFO] - epoch: 15, loss: 0.662, auroc: 0.677, auprc: 0.579
[2025-04-16 02:39:55,633][trainers.trainer][INFO] - begin validation on 'test' subset
[2025-04-16 02:39:58,630][test][INFO] - epoch: 15, loss: 1.209, auroc: 0.677, auprc: 0.581
[2025-04-16 02:39:58,635][trainers.trainer][INFO] - Saving checkpoint to checkpoints/checkpoint_best.pt
[2025-04-16 02:39:58,862][trainers.trainer][INFO] - Finished saving checkpoint to checkpoints/checkpoint_best.pt
[2025-04-16 02:39:58,863][trainers.trainer][INFO] - begin training epoch 16
[2025-04-16 02:40:58,124][train][INFO] - epoch: 16, loss: 0.661, auroc: 0.682, auprc: 0.585
[2025-04-16 02:40:58,125][trainers.trainer][INFO] - begin validation on 'valid' subset
[2025-04-16 02:41:00,375][valid][INFO] - epoch: 16, loss: 0.660, auroc: 0.683, auprc: 0.583
[2025-04-16 02:41:00,375][trainers.trainer][INFO] - begin validation on 'test' subset
[2025-04-16 02:41:03,162][test][INFO] - epoch: 16, loss: 1.207, auroc: 0.683, auprc: 0.585
[2025-04-16 02:41:03,164][trainers.trainer][INFO] - Saving checkpoint to checkpoints/checkpoint_best.pt
[2025-04-16 02:41:03,330][trainers.trainer][INFO] - Finished saving checkpoint to checkpoints/checkpoint_best.pt
[2025-04-16 02:41:03,330][trainers.trainer][INFO] - begin training epoch 17
[2025-04-16 02:42:02,623][train][INFO] - epoch: 17, loss: 0.660, auroc: 0.684, auprc: 0.587
[2025-04-16 02:42:02,624][trainers.trainer][INFO] - begin validation on 'valid' subset
[2025-04-16 02:42:04,855][valid][INFO] - epoch: 17, loss: 0.659, auroc: 0.683, auprc: 0.583
[2025-04-16 02:42:04,856][trainers.trainer][INFO] - begin validation on 'test' subset
[2025-04-16 02:42:07,637][test][INFO] - epoch: 17, loss: 1.204, auroc: 0.683, auprc: 0.585
[2025-04-16 02:42:07,639][trainers.trainer][INFO] - Saving checkpoint to checkpoints/checkpoint_best.pt
[2025-04-16 02:42:07,804][trainers.trainer][INFO] - Finished saving checkpoint to checkpoints/checkpoint_best.pt
[2025-04-16 02:42:07,804][trainers.trainer][INFO] - begin training epoch 18
[2025-04-16 02:43:07,496][train][INFO] - epoch: 18, loss: 0.658, auroc: 0.685, auprc: 0.589
[2025-04-16 02:43:07,496][trainers.trainer][INFO] - begin validation on 'valid' subset
[2025-04-16 02:43:09,712][valid][INFO] - epoch: 18, loss: 0.657, auroc: 0.685, auprc: 0.584
[2025-04-16 02:43:09,713][trainers.trainer][INFO] - begin validation on 'test' subset
[2025-04-16 02:43:12,526][test][INFO] - epoch: 18, loss: 1.202, auroc: 0.685, auprc: 0.586
[2025-04-16 02:43:12,528][trainers.trainer][INFO] - Saving checkpoint to checkpoints/checkpoint_best.pt
[2025-04-16 02:43:12,736][trainers.trainer][INFO] - Finished saving checkpoint to checkpoints/checkpoint_best.pt
[2025-04-16 02:43:12,737][trainers.trainer][INFO] - begin training epoch 19
[2025-04-16 02:44:11,807][train][INFO] - epoch: 19, loss: 0.657, auroc: 0.688, auprc: 0.591
[2025-04-16 02:44:11,808][trainers.trainer][INFO] - begin validation on 'valid' subset
[2025-04-16 02:44:14,024][valid][INFO] - epoch: 19, loss: 0.656, auroc: 0.687, auprc: 0.585
[2025-04-16 02:44:14,024][trainers.trainer][INFO] - begin validation on 'test' subset
[2025-04-16 02:44:16,786][test][INFO] - epoch: 19, loss: 1.199, auroc: 0.687, auprc: 0.587
[2025-04-16 02:44:16,788][trainers.trainer][INFO] - Saving checkpoint to checkpoints/checkpoint_best.pt
[2025-04-16 02:44:16,950][trainers.trainer][INFO] - Finished saving checkpoint to checkpoints/checkpoint_best.pt
[2025-04-16 02:44:16,950][trainers.trainer][INFO] - begin training epoch 20
[2025-04-16 02:45:16,526][train][INFO] - epoch: 20, loss: 0.655, auroc: 0.692, auprc: 0.594
[2025-04-16 02:45:16,526][trainers.trainer][INFO] - begin validation on 'valid' subset
[2025-04-16 02:45:18,880][valid][INFO] - epoch: 20, loss: 0.654, auroc: 0.693, auprc: 0.589
[2025-04-16 02:45:18,880][trainers.trainer][INFO] - begin validation on 'test' subset
[2025-04-16 02:45:21,716][test][INFO] - epoch: 20, loss: 1.196, auroc: 0.692, auprc: 0.591
[2025-04-16 02:45:21,719][trainers.trainer][INFO] - Saving checkpoint to checkpoints/checkpoint_best.pt
[2025-04-16 02:45:21,881][trainers.trainer][INFO] - Finished saving checkpoint to checkpoints/checkpoint_best.pt
[2025-04-16 02:45:21,892][__main__][INFO] - done training
