[2025-04-24 04:31:12,947][trainers.trainer][INFO] - {'batch_size': 128,
 'bert_model': 'bert_tiny',
 'device_ids': [0],
 'disable_validation': False,
 'distributed_world_size': 1,
 'dropout': 0.3,
 'embed_model': None,
 'enc_embed_dim': 128,
 'enc_hidden_dim': 256,
 'eval_data': None,
 'fold': None,
 'init_bert_params': False,
 'init_bert_params_with_freeze': False,
 'input_path': '/content/drive/MyDrive/DL4H/data_output_path',
 'load_pretrained_weights': False,
 'lr': 0.0001,
 'max_event_len': 150,
 'mlm_prob': 0.3,
 'model': 'descemb_rnn',
 'model_path': None,
 'n_epochs': 1000,
 'patience': 5,
 'pred_embed_dim': 128,
 'pred_hidden_dim': 256,
 'pred_model': None,
 'ratio': '100',
 'rnn_layer': 1,
 'save_dir': 'checkpoints',
 'save_prefix': 'checkpoint',
 'seed': 1,
 'src_data': 'mimiciii',
 'task': 'mortality',
 'transfer': False,
 'valid_subsets': ['valid', 'test'],
 'value_mode': 'NV'}
[2025-04-24 04:31:13,039][trainers.trainer][INFO] - RNNTextEncoder(
  (subword_embed_layer): SubwordInputLayer(
    (embedding): Embedding(28996, 128, padding_idx=0)
  )
  (model): GRU(128, 256, batch_first=True, dropout=0.3, bidirectional=True)
  (post_encode_proj): Linear(in_features=512, out_features=128, bias=True)
)
[2025-04-24 04:31:13,039][trainers.trainer][INFO] - task: mortality
[2025-04-24 04:31:13,039][trainers.trainer][INFO] - model: RNNTextEncoder
[2025-04-24 04:31:13,040][trainers.trainer][INFO] - num. model params: 4,370,048 (num. trained: 4,370,048)
