[2025-04-21 17:42:45,370][trainers.trainer][INFO] - {'batch_size': 128,
 'bert_model': 'bert_tiny',
 'device_ids': [0],
 'disable_validation': False,
 'distributed_world_size': 1,
 'dropout': 0.3,
 'embed_model': 'descemb_rnn',
 'enc_embed_dim': 128,
 'enc_hidden_dim': 256,
 'eval_data': None,
 'fold': None,
 'init_bert_params': False,
 'init_bert_params_with_freeze': False,
 'input_path': '/content/drive/MyDrive/DL4H/data_output_path',
 'load_pretrained_weights': False,
 'lr': 0.0001,
 'max_event_len': 150,
 'mlm_prob': 0.3,
 'model': 'ehr_model',
 'model_path': None,
 'n_epochs': 20,
 'patience': 5,
 'pred_embed_dim': 128,
 'pred_hidden_dim': 256,
 'pred_model': 'rnn',
 'ratio': '100',
 'rnn_layer': 1,
 'save_dir': 'checkpoints',
 'save_prefix': 'checkpoint',
 'seed': 1,
 'src_data': 'mimiciii',
 'task': 'mortality',
 'transfer': False,
 'valid_subsets': ['valid', 'test'],
 'value_mode': 'VA'}
[2025-04-21 17:42:45,459][trainers.trainer][INFO] - EHRModel(
  (embed_model): RNNTextEncoder(
    (subword_embed_layer): SubwordInputLayer(
      (embedding): Embedding(28996, 128, padding_idx=0)
    )
    (model): GRU(128, 256, batch_first=True, dropout=0.3, bidirectional=True)
    (post_encode_proj): Linear(in_features=512, out_features=128, bias=True)
  )
  (pred_model): RNNModel(
    (model): GRU(128, 256, batch_first=True, dropout=0.3)
    (final_proj): Linear(in_features=256, out_features=1, bias=True)
  )
)
[2025-04-21 17:42:45,459][trainers.trainer][INFO] - task: mortality
[2025-04-21 17:42:45,459][trainers.trainer][INFO] - model: EHRModel
[2025-04-21 17:42:45,459][trainers.trainer][INFO] - num. model params: 4,666,753 (num. trained: 4,666,753)
[2025-04-21 17:43:14,628][datasets.dataset][INFO] - loaded 11873 train samples
[2025-04-21 17:43:31,204][datasets.dataset][INFO] - loaded 3707 valid samples
[2025-04-21 17:43:46,209][datasets.dataset][INFO] - loaded 2956 test samples
[2025-04-21 17:43:51,616][trainers.trainer][INFO] - begin training epoch 1
[2025-04-21 17:44:51,086][train][INFO] - epoch: 1, loss: 0.661, auroc: 0.508, auprc: 0.094
[2025-04-21 17:44:51,087][trainers.trainer][INFO] - begin validation on 'valid' subset
[2025-04-21 17:44:53,732][valid][INFO] - epoch: 1, loss: 0.654, auroc: 0.505, auprc: 0.084
[2025-04-21 17:44:53,732][trainers.trainer][INFO] - begin validation on 'test' subset
[2025-04-21 17:44:55,881][test][INFO] - epoch: 1, loss: 1.446, auroc: 0.504, auprc: 0.089
[2025-04-21 17:44:55,882][trainers.trainer][INFO] - Saving checkpoint to checkpoints/checkpoint_best.pt
[2025-04-21 17:44:56,050][trainers.trainer][INFO] - Finished saving checkpoint to checkpoints/checkpoint_best.pt
[2025-04-21 17:44:56,051][trainers.trainer][INFO] - begin training epoch 2
[2025-04-21 17:45:54,986][train][INFO] - epoch: 2, loss: 0.655, auroc: 0.507, auprc: 0.094
[2025-04-21 17:45:54,986][trainers.trainer][INFO] - begin validation on 'valid' subset
[2025-04-21 17:45:57,682][valid][INFO] - epoch: 2, loss: 0.650, auroc: 0.505, auprc: 0.084
[2025-04-21 17:45:57,683][trainers.trainer][INFO] - begin validation on 'test' subset
[2025-04-21 17:45:59,851][test][INFO] - epoch: 2, loss: 1.438, auroc: 0.504, auprc: 0.089
[2025-04-21 17:45:59,852][trainers.trainer][INFO] - begin training epoch 3
[2025-04-21 17:46:58,815][train][INFO] - epoch: 3, loss: 0.651, auroc: 0.507, auprc: 0.094
[2025-04-21 17:46:58,816][trainers.trainer][INFO] - begin validation on 'valid' subset
[2025-04-21 17:47:01,517][valid][INFO] - epoch: 3, loss: 0.647, auroc: 0.505, auprc: 0.084
[2025-04-21 17:47:01,517][trainers.trainer][INFO] - begin validation on 'test' subset
[2025-04-21 17:47:03,688][test][INFO] - epoch: 3, loss: 1.430, auroc: 0.504, auprc: 0.089
[2025-04-21 17:47:03,689][trainers.trainer][INFO] - begin training epoch 4
[2025-04-21 17:48:02,459][train][INFO] - epoch: 4, loss: 0.648, auroc: 0.507, auprc: 0.094
[2025-04-21 17:48:02,460][trainers.trainer][INFO] - begin validation on 'valid' subset
[2025-04-21 17:48:05,168][valid][INFO] - epoch: 4, loss: 0.643, auroc: 0.505, auprc: 0.084
[2025-04-21 17:48:05,168][trainers.trainer][INFO] - begin validation on 'test' subset
[2025-04-21 17:48:07,364][test][INFO] - epoch: 4, loss: 1.423, auroc: 0.504, auprc: 0.089
[2025-04-21 17:48:07,365][trainers.trainer][INFO] - begin training epoch 5
[2025-04-21 17:49:06,254][train][INFO] - epoch: 5, loss: 0.644, auroc: 0.507, auprc: 0.094
[2025-04-21 17:49:06,255][trainers.trainer][INFO] - begin validation on 'valid' subset
[2025-04-21 17:49:08,969][valid][INFO] - epoch: 5, loss: 0.640, auroc: 0.505, auprc: 0.084
[2025-04-21 17:49:08,970][trainers.trainer][INFO] - begin validation on 'test' subset
[2025-04-21 17:49:11,146][test][INFO] - epoch: 5, loss: 1.415, auroc: 0.504, auprc: 0.089
[2025-04-21 17:49:11,146][trainers.trainer][INFO] - begin training epoch 6
[2025-04-21 17:50:09,990][train][INFO] - epoch: 6, loss: 0.641, auroc: 0.507, auprc: 0.094
[2025-04-21 17:50:09,991][trainers.trainer][INFO] - begin validation on 'valid' subset
[2025-04-21 17:50:12,680][valid][INFO] - epoch: 6, loss: 0.636, auroc: 0.504, auprc: 0.084
[2025-04-21 17:50:12,680][trainers.trainer][INFO] - begin validation on 'test' subset
[2025-04-21 17:50:14,855][test][INFO] - epoch: 6, loss: 1.408, auroc: 0.504, auprc: 0.089
[2025-04-21 17:50:14,856][utils.trainer_utils][INFO] - early stop since valid performance hasn't improved for last 5 runs
[2025-04-21 17:50:14,857][__main__][INFO] - done training
