[2025-04-21 15:53:44,410][trainers.trainer][INFO] - {'batch_size': 128,
 'bert_model': 'bert_tiny',
 'device_ids': [0],
 'disable_validation': False,
 'distributed_world_size': 1,
 'dropout': 0.3,
 'embed_model': 'descemb_rnn',
 'enc_embed_dim': 128,
 'enc_hidden_dim': 256,
 'eval_data': None,
 'fold': None,
 'init_bert_params': False,
 'init_bert_params_with_freeze': False,
 'input_path': '/content/drive/MyDrive/DL4H/data_output_path',
 'load_pretrained_weights': False,
 'lr': 0.0001,
 'max_event_len': 150,
 'mlm_prob': 0.3,
 'model': 'ehr_model',
 'model_path': None,
 'n_epochs': 20,
 'patience': 5,
 'pred_embed_dim': 128,
 'pred_hidden_dim': 256,
 'pred_model': 'rnn',
 'ratio': '100',
 'rnn_layer': 1,
 'save_dir': 'checkpoints',
 'save_prefix': 'checkpoint',
 'seed': 1,
 'src_data': 'mimiciii',
 'task': 'mortality',
 'transfer': False,
 'valid_subsets': ['valid', 'test'],
 'value_mode': 'VA'}
[2025-04-21 15:53:44,475][trainers.trainer][INFO] - EHRModel(
  (embed_model): RNNTextEncoder(
    (subword_embed_layer): SubwordInputLayer(
      (embedding): Embedding(28996, 128, padding_idx=0)
    )
    (model): GRU(128, 256, batch_first=True, dropout=0.3, bidirectional=True)
    (post_encode_proj): Linear(in_features=512, out_features=128, bias=True)
  )
  (pred_model): RNNModel(
    (model): GRU(128, 256, batch_first=True, dropout=0.3)
    (final_proj): Linear(in_features=256, out_features=1, bias=True)
  )
)
[2025-04-21 15:53:44,475][trainers.trainer][INFO] - task: mortality
[2025-04-21 15:53:44,475][trainers.trainer][INFO] - model: EHRModel
[2025-04-21 15:53:44,476][trainers.trainer][INFO] - num. model params: 4,666,753 (num. trained: 4,666,753)
[2025-04-21 15:53:59,352][datasets.dataset][INFO] - loaded 11873 train samples
[2025-04-21 15:54:14,798][datasets.dataset][INFO] - loaded 3707 valid samples
[2025-04-21 15:54:29,659][datasets.dataset][INFO] - loaded 2956 test samples
[2025-04-21 15:54:32,042][trainers.trainer][INFO] - begin training epoch 1
[2025-04-21 15:55:31,466][train][INFO] - epoch: 1, loss: 0.661, auroc: 0.508, auprc: 0.094
[2025-04-21 15:55:31,466][trainers.trainer][INFO] - begin validation on 'valid' subset
[2025-04-21 15:55:34,183][valid][INFO] - epoch: 1, loss: 0.654, auroc: 0.505, auprc: 0.084
[2025-04-21 15:55:34,184][trainers.trainer][INFO] - begin validation on 'test' subset
[2025-04-21 15:55:36,493][test][INFO] - epoch: 1, loss: 1.446, auroc: 0.504, auprc: 0.089
[2025-04-21 15:55:36,494][trainers.trainer][INFO] - Saving checkpoint to checkpoints/checkpoint_best.pt
[2025-04-21 15:55:36,711][trainers.trainer][INFO] - Finished saving checkpoint to checkpoints/checkpoint_best.pt
[2025-04-21 15:55:36,711][trainers.trainer][INFO] - begin training epoch 2
[2025-04-21 15:56:35,139][train][INFO] - epoch: 2, loss: 0.655, auroc: 0.507, auprc: 0.094
[2025-04-21 15:56:35,140][trainers.trainer][INFO] - begin validation on 'valid' subset
[2025-04-21 15:56:37,880][valid][INFO] - epoch: 2, loss: 0.650, auroc: 0.505, auprc: 0.084
[2025-04-21 15:56:37,881][trainers.trainer][INFO] - begin validation on 'test' subset
[2025-04-21 15:56:40,061][test][INFO] - epoch: 2, loss: 1.438, auroc: 0.504, auprc: 0.089
[2025-04-21 15:56:40,061][trainers.trainer][INFO] - begin training epoch 3
[2025-04-21 15:57:38,503][train][INFO] - epoch: 3, loss: 0.651, auroc: 0.507, auprc: 0.094
[2025-04-21 15:57:38,504][trainers.trainer][INFO] - begin validation on 'valid' subset
[2025-04-21 15:57:41,190][valid][INFO] - epoch: 3, loss: 0.647, auroc: 0.505, auprc: 0.084
[2025-04-21 15:57:41,191][trainers.trainer][INFO] - begin validation on 'test' subset
[2025-04-21 15:57:43,376][test][INFO] - epoch: 3, loss: 1.430, auroc: 0.504, auprc: 0.089
[2025-04-21 15:57:43,376][trainers.trainer][INFO] - begin training epoch 4
[2025-04-21 15:58:41,790][train][INFO] - epoch: 4, loss: 0.648, auroc: 0.507, auprc: 0.094
[2025-04-21 15:58:41,791][trainers.trainer][INFO] - begin validation on 'valid' subset
[2025-04-21 15:58:44,508][valid][INFO] - epoch: 4, loss: 0.643, auroc: 0.505, auprc: 0.084
[2025-04-21 15:58:44,509][trainers.trainer][INFO] - begin validation on 'test' subset
[2025-04-21 15:58:46,694][test][INFO] - epoch: 4, loss: 1.423, auroc: 0.504, auprc: 0.089
[2025-04-21 15:58:46,694][trainers.trainer][INFO] - begin training epoch 5
[2025-04-21 15:59:45,140][train][INFO] - epoch: 5, loss: 0.644, auroc: 0.507, auprc: 0.094
[2025-04-21 15:59:45,140][trainers.trainer][INFO] - begin validation on 'valid' subset
[2025-04-21 15:59:48,082][valid][INFO] - epoch: 5, loss: 0.640, auroc: 0.505, auprc: 0.084
[2025-04-21 15:59:48,082][trainers.trainer][INFO] - begin validation on 'test' subset
[2025-04-21 15:59:50,254][test][INFO] - epoch: 5, loss: 1.415, auroc: 0.504, auprc: 0.089
[2025-04-21 15:59:50,255][trainers.trainer][INFO] - begin training epoch 6
[2025-04-21 16:00:48,541][train][INFO] - epoch: 6, loss: 0.641, auroc: 0.507, auprc: 0.094
[2025-04-21 16:00:48,542][trainers.trainer][INFO] - begin validation on 'valid' subset
[2025-04-21 16:00:51,397][valid][INFO] - epoch: 6, loss: 0.636, auroc: 0.504, auprc: 0.084
[2025-04-21 16:00:51,397][trainers.trainer][INFO] - begin validation on 'test' subset
[2025-04-21 16:00:53,574][test][INFO] - epoch: 6, loss: 1.408, auroc: 0.504, auprc: 0.089
[2025-04-21 16:00:53,574][utils.trainer_utils][INFO] - early stop since valid performance hasn't improved for last 5 runs
[2025-04-21 16:00:53,575][__main__][INFO] - done training
